<?xml version="1.0" encoding="UTF-8"?>
<!-- Generated by org.testng.reporters.JUnitXMLReporter -->
<testsuite ignored="0" hostname="DESKTOP-U5SUVO0" failures="0" tests="3" name="SS_Electronics_07" time="43.065" errors="0" timestamp="2024-03-27T16:28:42 IST">
  <testcase classname="SS_Login_01.LoginTextCase_Test" name="login" time="14.191"/>
  <testcase classname="Util.SS_Electronics_Test" name="TestCase" time="19.534"/>
  <testcase classname="Util.SS_Electronics_07_Test" name="testCase_07" time="0.154"/>
</testsuite> <!-- SS_Electronics_07 -->
